# mahimahi mm-link (Uplink) [emulated/trace/const-12mbps.trace] > /home/novoice/pantheon/results/bbr_mm_datalink_run1.log
# command line: 'mm-link' 'emulated/trace/const-12mbps.trace' 'emulated/trace/const-12mbps.trace' '--uplink-log=/home/novoice/pantheon/results/bbr_mm_datalink_run1.log' '--downlink-log=/home/novoice/pantheon/results/bbr_mm_acklink_run1.log' '--' 'sh' '-c' 'python /home/novoice/pantheon/src/wrappers/bbr.py sender $MAHIMAHI_BASE 34111'
# queue: infinite
# init timestamp: 1744956398549
# base timestamp: 35
35 + 80
35 + 52
35 + 80
59 + 64
329 + 80
401 + 80
1035 # 1504
1035 - 80 1000
1035 - 52 1000
1035 - 80 1000
1035 - 64 976
1035 - 80 706
1035 - 80 634
1040 + 44
1115 + 64
2035 # 1504
2035 - 44 995
2035 - 64 920
2038 + 56
2038 + 116
2038 + 1504
2038 + 1504
2038 + 1504
2038 + 1504
2038 + 1504
2038 + 1504
2038 + 1504
2038 + 1504
2038 + 1504
3035 # 1504
3035 - 56 997
3035 - 116 997
3037 + 56
4035 # 1504
4035 - 1504 1997
4038 + 1504
4038 + 1504
4038 + 56
4056 + 52
5035 # 1504
5035 - 1504 2997
5040 + 1504
5044 + 1504
6035 # 1504
6035 - 1504 3997
6037 + 1504
6037 + 1504
7035 # 1504
7035 - 1504 4997
7036 + 1504
7036 + 1504
8035 # 1504
8035 - 1504 5997
8037 + 1504
8037 + 1504
8037 + 68
9035 # 1504
9035 - 1504 6997
9038 + 1504
9038 + 1504
10035 # 1504
10035 - 1504 7997
10036 + 1504
10036 + 1504
11035 # 1504
11035 - 1504 8997
11037 + 1504
11039 + 1504
12035 # 1504
12035 - 1504 9997
12035 - 56 8998
12038 + 1504
12038 + 1504
12759 + 52
13035 # 1504
13035 - 1504 8997
13036 + 1504
13036 + 1504
14035 # 1504
14035 - 1504 9997
14035 - 56 9997
14035 - 52 9979
14036 + 1504
14036 + 1504
14036 + 68
15035 # 1504
15035 - 1504 9995
15037 + 1504
15037 + 1504
16035 # 1504
16035 - 1504 10991
16037 + 1504
16037 + 1504
17035 # 1504
17035 - 1504 10998
17037 + 1504
17037 + 1504
18035 # 1504
18035 - 1504 11998
18036 + 1504
19035 # 1504
19035 - 1504 11999
19040 + 1504
19040 + 1504
20035 # 1504
20035 - 1504 12999
20037 + 1504
21035 # 1504
21035 - 1504 12998
21037 + 1504
21037 + 1504
22035 # 1504
22035 - 1504 13998
22035 - 68 13998
22051 + 1504
23035 # 1504
23035 - 1504 13997
23040 + 1504
23040 + 1504
24035 # 1504
24035 - 1504 14997
24038 + 1504
25035 # 1504
25035 - 1504 14999
25038 + 1504
25038 + 1504
26035 # 1504
26035 - 1504 15999
26037 + 1504
27035 # 1504
27035 - 1504 15998
27038 + 1504
27038 + 1504
28035 # 1504
28035 - 1504 16996
28038 + 1504
29035 # 1504
29035 - 1504 16997
29037 + 1504
29037 + 1504
29656 + 52
