# mahimahi mm-link (Downlink) [emulated/trace/const-12mbps.trace] > /home/novoice/pantheon/results/bbr_mm_acklink_run1.log
# command line: 'mm-link' 'emulated/trace/const-12mbps.trace' 'emulated/trace/const-12mbps.trace' '--uplink-log=/home/novoice/pantheon/results/bbr_mm_datalink_run1.log' '--downlink-log=/home/novoice/pantheon/results/bbr_mm_acklink_run1.log' '--' 'sh' '-c' 'python /home/novoice/pantheon/src/wrappers/bbr.py sender $MAHIMAHI_BASE 34111'
# queue: infinite
# init timestamp: 1744956398549
# base timestamp: 35
36 + 80
36 + 52
36 + 80
36 + 56
234 + 80
603 + 80
1035 # 1504
1035 - 80 999
1035 - 52 999
1035 - 80 999
1035 - 56 999
1035 - 80 801
1035 - 80 432
1040 + 64
2035 # 1504
2035 - 64 995
2038 + 64
3035 # 1504
3035 - 64 997
3037 + 56
3037 + 84
4035 # 1504
4035 - 56 998
4035 - 84 998
4080 + 56
4568 + 52
5035 # 1504
5035 - 56 955
5035 - 52 467
5045 + 56
6035 # 1504
6035 - 56 990
6037 + 56
7035 # 1504
7035 - 56 998
7036 + 56
7641 + 84
8035 # 1504
8035 - 56 999
8035 - 84 394
8037 + 56
9035 # 1504
9035 - 56 998
9038 + 56
10035 # 1504
10035 - 56 997
10036 + 56
11035 # 1504
11035 - 56 999
11039 + 56
12035 # 1504
12035 - 56 996
12038 + 56
13035 # 1504
13035 - 56 997
13036 + 56
13272 + 52
13784 + 84
14035 # 1504
14035 - 56 999
14035 - 52 763
14035 - 84 251
14036 + 56
15035 # 1504
15035 - 56 999
15037 + 56
16035 # 1504
16035 - 56 998
16037 + 56
17035 # 1504
17035 - 56 998
17037 + 56
18035 # 1504
18035 - 56 998
18036 + 56
19035 # 1504
19035 - 56 999
19040 + 56
20035 # 1504
20035 - 56 995
20037 + 56
21035 # 1504
21035 - 56 998
21037 + 56
22035 # 1504
22035 - 56 998
22055 + 56
23035 # 1504
23035 - 56 980
23040 + 56
24035 # 1504
24035 - 56 995
24038 + 56
25035 # 1504
25035 - 56 997
25079 + 56
26035 # 1504
26035 - 56 956
26037 + 56
27035 # 1504
27035 - 56 998
27039 + 56
28035 # 1504
28035 - 56 996
28038 + 56
29035 # 1504
29035 - 56 997
29037 + 56
