# mahimahi mm-link (Uplink) [emulated/trace/const-12mbps.trace] > /home/novoice/pantheon/results/cubic_mm_datalink_run1.log
# command line: 'mm-link' 'emulated/trace/const-12mbps.trace' 'emulated/trace/const-12mbps.trace' '--uplink-log=/home/novoice/pantheon/results/cubic_mm_datalink_run1.log' '--downlink-log=/home/novoice/pantheon/results/cubic_mm_acklink_run1.log' '--' 'sh' '-c' 'python /home/novoice/pantheon/src/wrappers/cubic.py sender $MAHIMAHI_BASE 35903'
# queue: infinite
# init timestamp: 1744956365490
# base timestamp: 35
37 + 80
37 + 52
37 + 80
58 + 64
444 + 80
1019 + 80
1035 # 1504
1035 - 80 998
1035 - 52 998
1035 - 80 998
1035 - 64 977
1035 - 80 591
1035 - 80 16
1085 + 64
2035 # 1504
2035 - 64 950
2036 + 56
2037 + 116
2037 + 1504
2037 + 1504
2037 + 1504
2037 + 1504
2037 + 1504
2037 + 1504
2037 + 1504
2037 + 1504
2037 + 1504
3035 # 1504
3035 - 56 999
3035 - 116 998
3038 + 56
3965 + 52
4035 # 1504
4035 - 1504 1998
4036 + 1504
4036 + 1504
4036 + 56
5035 # 1504
5035 - 1504 2998
5036 + 1504
5036 + 1504
6035 # 1504
6035 - 1504 3998
6037 + 1504
6037 + 1504
7035 # 1504
7035 - 1504 4998
7041 + 1504
7041 + 1504
8035 # 1504
8035 - 1504 5998
8037 + 1504
8037 + 1504
8037 + 68
9035 # 1504
9035 - 1504 6998
9037 + 1504
9037 + 1504
10035 # 1504
10035 - 1504 7998
10038 + 1504
10038 + 1504
11035 # 1504
11035 - 1504 8998
11038 + 1504
11038 + 1504
12029 + 52
12035 # 1504
12035 - 1504 9998
12035 - 56 8997
12035 - 52 8070
12036 + 1504
12036 + 1504
13035 # 1504
13035 - 1504 8999
13040 + 1504
13040 + 1504
14035 # 1504
14035 - 1504 9999
14035 - 56 9999
14037 + 1504
14037 + 1504
14037 + 68
15035 # 1504
15035 - 1504 9999
15037 + 1504
15037 + 1504
16035 # 1504
16035 - 1504 10999
16038 + 1504
16038 + 1504
17035 # 1504
17035 - 1504 10998
17037 + 1504
17037 + 1504
18035 # 1504
18035 - 1504 11998
18037 + 1504
19035 # 1504
19035 - 1504 11994
19037 + 1504
19037 + 1504
20035 # 1504
20035 - 1504 12994
20036 + 1504
21035 # 1504
21035 - 1504 12998
21037 + 1504
21037 + 1504
22035 # 1504
22035 - 1504 13998
22035 - 68 13998
22039 + 1504
23035 # 1504
23035 - 1504 13998
23037 + 1504
23037 + 1504
24035 # 1504
24035 - 1504 14998
24038 + 1504
25035 # 1504
25035 - 1504 14997
25038 + 1504
25038 + 1504
26035 # 1504
26035 - 1504 15997
26040 + 1504
27035 # 1504
27035 - 1504 15997
27038 + 1504
27038 + 1504
28035 # 1504
28035 - 1504 16997
28035 - 52 16006
28037 + 1504
28413 + 52
29035 # 1504
29035 - 1504 16999
29035 + 1504
29035 + 1504
