# mahimahi mm-link (Downlink) [emulated/trace/const-12mbps.trace] > /home/novoice/pantheon/results/cubic_mm_acklink_run1.log
# command line: 'mm-link' 'emulated/trace/const-12mbps.trace' 'emulated/trace/const-12mbps.trace' '--uplink-log=/home/novoice/pantheon/results/cubic_mm_datalink_run1.log' '--downlink-log=/home/novoice/pantheon/results/cubic_mm_acklink_run1.log' '--' 'sh' '-c' 'python /home/novoice/pantheon/src/wrappers/cubic.py sender $MAHIMAHI_BASE 35903'
# queue: infinite
# init timestamp: 1744956365490
# base timestamp: 35
36 + 80
36 + 52
36 + 80
36 + 80
238 + 80
1035 # 1504
1035 - 80 999
1035 - 52 999
1035 - 80 999
1035 - 80 999
1035 - 80 797
1038 + 64
2035 # 1504
2035 - 64 997
2037 + 64
3035 # 1504
3035 - 64 998
3038 + 56
3038 + 84
4027 + 52
4035 # 1504
4035 - 56 997
4035 - 84 997
4035 - 52 8
4079 + 56
5035 # 1504
5035 - 56 956
5036 + 56
6035 # 1504
6035 - 56 999
6037 + 56
7035 # 1504
7035 - 56 998
7041 + 56
7421 + 84
8035 # 1504
8035 - 56 994
8035 - 84 614
8037 + 56
9035 # 1504
9035 - 56 998
9037 + 56
10035 # 1504
10035 - 56 998
10038 + 56
11035 # 1504
11035 - 56 997
11038 + 56
12035 # 1504
12035 - 56 997
12035 + 56
12542 + 52
13035 # 1504
13035 - 56 1000
13035 - 52 493
13040 + 56
13565 + 84
14035 # 1504
14035 - 56 995
14035 - 84 470
14037 + 56
15035 # 1504
15035 - 56 998
15037 + 56
16035 # 1504
16035 - 56 998
16040 + 56
17035 # 1504
17035 - 56 995
17037 + 56
18035 # 1504
18035 - 56 998
18037 + 56
19035 # 1504
19035 - 56 998
19036 + 56
20035 # 1504
20035 - 56 999
20036 + 56
21035 # 1504
21035 - 56 999
21037 + 56
22035 # 1504
22035 - 56 998
22042 + 56
23035 # 1504
23035 - 56 993
23037 + 56
24035 # 1504
24035 - 56 998
24038 + 56
25035 # 1504
25035 - 56 997
25079 + 56
26035 # 1504
26035 - 56 956
26039 + 56
27035 # 1504
27035 - 56 996
27038 + 56
28035 # 1504
28035 - 56 997
28037 + 56
28923 + 52
29035 # 1504
29035 - 56 998
29035 - 52 112
29035 + 56
